2025-05-27 16:36:07.846 | INFO     | __main__:<module>:111 - Starting Away Travel scraper
2025-05-27 16:36:07.848 | WARNING  | __main__:load_cached_urls:26 - No cached URLs found
2025-05-27 16:36:07.848 | INFO     | __main__:<module>:130 - No cached URLs found. Fetching new URLs...
2025-05-27 16:36:07.848 | INFO     | __main__:collect_product_urls:30 - Starting URL collection process
2025-05-27 16:36:24.595 | INFO     | __main__:<module>:111 - Starting Away Travel scraper
2025-05-27 16:36:24.596 | WARNING  | __main__:load_cached_urls:26 - No cached URLs found
2025-05-27 16:36:24.597 | INFO     | __main__:<module>:130 - No cached URLs found. Fetching new URLs...
2025-05-27 16:36:24.598 | INFO     | __main__:collect_product_urls:30 - Starting URL collection process
2025-05-27 16:40:42.927 | INFO     | __main__:<module>:111 - Starting Away Travel scraper
2025-05-27 16:40:42.929 | WARNING  | __main__:load_cached_urls:26 - No cached URLs found
2025-05-27 16:40:42.930 | INFO     | __main__:<module>:130 - No cached URLs found. Fetching new URLs...
2025-05-27 16:40:42.930 | INFO     | __main__:collect_product_urls:30 - Starting URL collection process
2025-05-27 16:40:46.557 | INFO     | __main__:collect_product_urls:34 - Navigating to https://www.awaytravel.com/collections/carry-on-luggage
2025-05-27 16:40:52.699 | INFO     | __main__:collect_product_urls:38 - Scrolling to load all products
2025-05-27 16:40:55.530 | INFO     | __main__:collect_product_urls:49 - Collecting variant URLs
2025-05-27 16:40:55.724 | INFO     | __main__:collect_product_urls:80 - Found 12 variants for The Carry-On
2025-05-27 16:40:55.852 | INFO     | __main__:collect_product_urls:80 - Found 10 variants for The Bigger Carry-On
2025-05-27 16:40:55.971 | INFO     | __main__:collect_product_urls:80 - Found 11 variants for The Carry-On Flex
2025-05-27 16:40:56.085 | INFO     | __main__:collect_product_urls:80 - Found 10 variants for The Bigger Carry-On Flex
2025-05-27 16:40:56.156 | INFO     | __main__:collect_product_urls:80 - Found 5 variants for The Kids Carry-On
2025-05-27 16:40:56.225 | INFO     | __main__:collect_product_urls:80 - Found 4 variants for The Softside Compact Carry-On
2025-05-27 16:40:56.321 | INFO     | __main__:collect_product_urls:80 - Found 7 variants for The Softside Carry-On
2025-05-27 16:40:56.402 | INFO     | __main__:collect_product_urls:80 - Found 7 variants for The Softside Bigger Carry-On
2025-05-27 16:40:56.472 | INFO     | __main__:collect_product_urls:80 - Found 5 variants for The Executive Carry-On
2025-05-27 16:40:56.541 | INFO     | __main__:collect_product_urls:80 - Found 5 variants for The Executive Bigger Carry-On
2025-05-27 16:40:56.595 | INFO     | __main__:collect_product_urls:80 - Found 3 variants for The Carry-On: Aluminum Edition
2025-05-27 16:40:56.647 | INFO     | __main__:collect_product_urls:80 - Found 3 variants for The Bigger Carry-On: Aluminum Edition
2025-05-27 16:40:56.798 | INFO     | __main__:collect_product_urls:80 - Found 14 variants for The Collegiate Bigger Carry-On
2025-05-27 16:40:56.798 | INFO     | __main__:collect_product_urls:83 - Saving variants for 13 products to urls.json
2025-05-27 16:40:56.800 | SUCCESS  | __main__:collect_product_urls:87 - Saved variants for 13 products to urls.json
2025-05-27 16:40:56.800 | INFO     | __main__:collect_product_urls:91 - Closing browser session
2025-05-27 16:40:57.336 | SUCCESS  | __main__:<module>:135 - Scraping completed successfully
2025-05-27 19:16:11.109 | INFO     | __main__:<module>:112 - Starting Away Travel scraper
2025-05-27 19:16:11.111 | SUCCESS  | __main__:load_cached_urls:23 - Loaded variants for 13 products from cache
2025-05-27 19:16:14.858 | INFO     | __main__:<module>:126 - Using cached URLs
2025-05-27 19:16:14.858 | INFO     | __main__:<module>:139 - Testing get_product_data with URL: https://www.awaytravel.com/products/carry-on-sea-green
2025-05-27 19:16:14.860 | INFO     | __main__:get_product_data:95 - Getting product data for https://www.awaytravel.com/products/carry-on-sea-green
2025-05-27 19:17:46.480 | INFO     | __main__:<module>:122 - Starting Away Travel scraper
2025-05-27 19:17:46.481 | SUCCESS  | __main__:load_cached_urls:23 - Loaded variants for 13 products from cache
2025-05-27 19:17:52.773 | INFO     | __main__:<module>:136 - Using cached URLs
2025-05-27 19:17:52.774 | INFO     | __main__:<module>:149 - Testing get_product_data with URL: https://www.awaytravel.com/products/carry-on-sea-green
2025-05-27 19:17:52.774 | INFO     | __main__:get_product_data:95 - Getting product data for https://www.awaytravel.com/products/carry-on-sea-green
