2025-05-28 17:22:29.338 | INFO     | __main__:<module>:114 - Starting Away Travel scraper
2025-05-28 17:22:29.342 | SUCCESS  | __main__:load_cached_urls:23 - Loaded variants for 13 products from cache
2025-05-28 17:23:27.982 | INFO     | __main__:<module>:128 - Using cached URLs
2025-05-28 17:23:27.982 | INFO     | __main__:<module>:141 - Testing get_product_data with URL: https://www.awaytravel.com/products/carry-on-sea-green
2025-05-28 17:23:27.982 | INFO     | __main__:get_product_data:95 - Getting product data for https://www.awaytravel.com/products/carry-on-sea-green
2025-05-28 17:23:46.719 | INFO     | __main__:<module>:143 - Product Name: The Carry-On
2025-05-28 17:23:46.722 | INFO     | __main__:<module>:144 - Color: Sea Green
2025-05-28 17:23:46.722 | INFO     | __main__:<module>:145 - Dimensions: N/A
2025-05-28 17:23:46.722 | INFO     | __main__:<module>:146 - Weight: N/A
2025-05-28 17:23:46.723 | SUCCESS  | __main__:<module>:148 - Scraping completed successfully
2025-05-28 17:25:39.809 | INFO     | __main__:<module>:115 - Starting Away Travel scraper
2025-05-28 17:25:39.810 | SUCCESS  | __main__:load_cached_urls:23 - Loaded variants for 13 products from cache
2025-05-28 17:25:42.871 | INFO     | __main__:<module>:129 - Using cached URLs
2025-05-28 17:25:42.872 | INFO     | __main__:<module>:142 - Testing get_product_data with URL: https://www.awaytravel.com/products/carry-on-sea-green
2025-05-28 17:25:42.872 | INFO     | __main__:get_product_data:95 - Getting product data for https://www.awaytravel.com/products/carry-on-sea-green
2025-05-28 17:28:09.005 | INFO     | __main__:<module>:115 - Starting Away Travel scraper
2025-05-28 17:28:09.007 | SUCCESS  | __main__:load_cached_urls:23 - Loaded variants for 13 products from cache
2025-05-28 17:28:11.026 | INFO     | __main__:<module>:129 - Using cached URLs
2025-05-28 17:28:11.026 | INFO     | __main__:<module>:142 - Testing get_product_data with URL: https://www.awaytravel.com/products/carry-on-sea-green
2025-05-28 17:28:11.026 | INFO     | __main__:get_product_data:95 - Getting product data for https://www.awaytravel.com/products/carry-on-sea-green
2025-05-28 17:28:22.446 | INFO     | __main__:<module>:144 - Product Name: The Carry-On
2025-05-28 17:28:22.447 | INFO     | __main__:<module>:145 - Color: Sea Green
2025-05-28 17:28:22.448 | INFO     | __main__:<module>:146 - Dimensions: N/A
2025-05-28 17:28:22.449 | INFO     | __main__:<module>:147 - Weight: N/A
2025-05-28 17:28:22.449 | SUCCESS  | __main__:<module>:149 - Scraping completed successfully
2025-05-28 17:28:36.977 | INFO     | __main__:<module>:116 - Starting Away Travel scraper
2025-05-28 17:28:36.979 | SUCCESS  | __main__:load_cached_urls:23 - Loaded variants for 13 products from cache
2025-05-28 17:28:39.264 | INFO     | __main__:<module>:130 - Using cached URLs
2025-05-28 17:28:39.265 | INFO     | __main__:<module>:143 - Testing get_product_data with URL: https://www.awaytravel.com/products/carry-on-sea-green
2025-05-28 17:28:39.265 | INFO     | __main__:get_product_data:95 - Getting product data for https://www.awaytravel.com/products/carry-on-sea-green
2025-05-28 17:28:50.447 | INFO     | __main__:<module>:145 - Product Name: The Carry-On
2025-05-28 17:28:50.448 | INFO     | __main__:<module>:146 - Color: Sea Green
2025-05-28 17:28:50.448 | INFO     | __main__:<module>:147 - Dimensions: N/A
2025-05-28 17:28:50.448 | INFO     | __main__:<module>:148 - Weight: N/A
2025-05-28 17:28:50.448 | SUCCESS  | __main__:<module>:150 - Scraping completed successfully
2025-05-28 17:29:34.634 | INFO     | __main__:<module>:116 - Starting Away Travel scraper
2025-05-28 17:29:34.636 | SUCCESS  | __main__:load_cached_urls:23 - Loaded variants for 13 products from cache
2025-05-28 17:29:42.829 | INFO     | __main__:<module>:130 - Using cached URLs
2025-05-28 17:29:42.829 | INFO     | __main__:<module>:143 - Testing get_product_data with URL: https://www.awaytravel.com/products/carry-on-sea-green
2025-05-28 17:29:42.830 | INFO     | __main__:get_product_data:95 - Getting product data for https://www.awaytravel.com/products/carry-on-sea-green
2025-05-28 17:29:55.336 | INFO     | __main__:<module>:145 - Product Name: The Carry-On
2025-05-28 17:29:55.336 | INFO     | __main__:<module>:146 - Color: Sea Green
2025-05-28 17:29:55.336 | INFO     | __main__:<module>:147 - Dimensions: N/A
2025-05-28 17:29:55.336 | INFO     | __main__:<module>:148 - Weight: N/A
2025-05-28 17:29:55.337 | SUCCESS  | __main__:<module>:150 - Scraping completed successfully
2025-05-28 17:32:24.014 | INFO     | __main__:<module>:116 - Starting Away Travel scraper
2025-05-28 17:32:24.015 | SUCCESS  | __main__:load_cached_urls:23 - Loaded variants for 13 products from cache
2025-05-28 17:32:26.296 | INFO     | __main__:<module>:130 - Using cached URLs
2025-05-28 17:32:26.297 | INFO     | __main__:<module>:143 - Testing get_product_data with URL: https://www.awaytravel.com/products/carry-on-sea-green
2025-05-28 17:32:26.297 | INFO     | __main__:get_product_data:95 - Getting product data for https://www.awaytravel.com/products/carry-on-sea-green
2025-05-28 17:32:37.567 | INFO     | __main__:<module>:145 - Product Name: The Carry-On
2025-05-28 17:32:37.568 | INFO     | __main__:<module>:146 - Color: Sea Green
2025-05-28 17:32:37.568 | INFO     | __main__:<module>:147 - Dimensions: N/A
2025-05-28 17:32:37.568 | INFO     | __main__:<module>:148 - Weight: N/A
2025-05-28 17:32:37.568 | SUCCESS  | __main__:<module>:150 - Scraping completed successfully
2025-05-28 17:33:59.348 | INFO     | __main__:<module>:118 - Starting Away Travel scraper
2025-05-28 17:33:59.349 | SUCCESS  | __main__:load_cached_urls:23 - Loaded variants for 13 products from cache
2025-05-28 17:34:02.099 | INFO     | __main__:<module>:132 - Using cached URLs
2025-05-28 17:34:02.099 | INFO     | __main__:<module>:145 - Testing get_product_data with URL: https://www.awaytravel.com/products/carry-on-sea-green
2025-05-28 17:34:02.099 | INFO     | __main__:get_product_data:95 - Getting product data for https://www.awaytravel.com/products/carry-on-sea-green
2025-05-28 17:35:08.172 | INFO     | __main__:<module>:118 - Starting Away Travel scraper
2025-05-28 17:35:08.173 | SUCCESS  | __main__:load_cached_urls:23 - Loaded variants for 13 products from cache
2025-05-28 17:35:10.628 | INFO     | __main__:<module>:132 - Using cached URLs
2025-05-28 17:35:10.628 | INFO     | __main__:<module>:145 - Testing get_product_data with URL: https://www.awaytravel.com/products/carry-on-sea-green
2025-05-28 17:35:10.628 | INFO     | __main__:get_product_data:95 - Getting product data for https://www.awaytravel.com/products/carry-on-sea-green
2025-05-28 17:35:21.655 | INFO     | __main__:<module>:147 - Product Name: The Carry-On
2025-05-28 17:35:21.656 | INFO     | __main__:<module>:148 - Color: Sea Green
2025-05-28 17:35:21.656 | INFO     | __main__:<module>:149 - Dimensions: N/A
2025-05-28 17:35:21.656 | INFO     | __main__:<module>:150 - Weight: N/A
2025-05-28 17:35:21.656 | SUCCESS  | __main__:<module>:152 - Scraping completed successfully
2025-05-28 17:37:42.465 | INFO     | __main__:<module>:118 - Starting Away Travel scraper
2025-05-28 17:37:42.466 | SUCCESS  | __main__:load_cached_urls:23 - Loaded variants for 13 products from cache
2025-05-28 17:37:44.945 | INFO     | __main__:<module>:132 - Using cached URLs
2025-05-28 17:37:44.945 | INFO     | __main__:<module>:145 - Testing get_product_data with URL: https://www.awaytravel.com/products/carry-on-sea-green
2025-05-28 17:37:44.945 | INFO     | __main__:get_product_data:95 - Getting product data for https://www.awaytravel.com/products/carry-on-sea-green
2025-05-28 17:38:13.971 | INFO     | __main__:<module>:118 - Starting Away Travel scraper
2025-05-28 17:38:13.973 | SUCCESS  | __main__:load_cached_urls:23 - Loaded variants for 13 products from cache
2025-05-28 17:38:16.583 | INFO     | __main__:<module>:132 - Using cached URLs
2025-05-28 17:38:16.583 | INFO     | __main__:<module>:145 - Testing get_product_data with URL: https://www.awaytravel.com/products/carry-on-sea-green
2025-05-28 17:38:16.583 | INFO     | __main__:get_product_data:95 - Getting product data for https://www.awaytravel.com/products/carry-on-sea-green
2025-05-28 17:38:28.255 | INFO     | __main__:<module>:147 - Product Name: The Carry-On
2025-05-28 17:38:28.256 | INFO     | __main__:<module>:148 - Color: Sea Green
2025-05-28 17:38:28.256 | INFO     | __main__:<module>:149 - Dimensions: N/A
2025-05-28 17:38:28.256 | INFO     | __main__:<module>:150 - Weight: N/A
2025-05-28 17:38:28.256 | SUCCESS  | __main__:<module>:152 - Scraping completed successfully
2025-05-28 17:39:04.871 | INFO     | __main__:<module>:116 - Starting Away Travel scraper
2025-05-28 17:39:04.872 | SUCCESS  | __main__:load_cached_urls:23 - Loaded variants for 13 products from cache
2025-05-28 17:39:06.459 | INFO     | __main__:<module>:130 - Using cached URLs
2025-05-28 17:39:06.460 | INFO     | __main__:<module>:143 - Testing get_product_data with URL: https://www.awaytravel.com/products/carry-on-sea-green
2025-05-28 17:39:06.460 | INFO     | __main__:get_product_data:95 - Getting product data for https://www.awaytravel.com/products/carry-on-sea-green
2025-05-28 17:39:18.472 | INFO     | __main__:<module>:145 - Product Name: The Carry-On
2025-05-28 17:39:18.472 | INFO     | __main__:<module>:146 - Color: Sea Green
2025-05-28 17:39:18.472 | INFO     | __main__:<module>:147 - Dimensions: N/A
2025-05-28 17:39:18.473 | INFO     | __main__:<module>:148 - Weight: N/A
2025-05-28 17:39:18.473 | SUCCESS  | __main__:<module>:150 - Scraping completed successfully
2025-05-28 17:39:50.037 | INFO     | __main__:<module>:116 - Starting Away Travel scraper
2025-05-28 17:39:50.038 | SUCCESS  | __main__:load_cached_urls:23 - Loaded variants for 13 products from cache
2025-05-28 17:41:00.639 | INFO     | __main__:<module>:130 - Using cached URLs
2025-05-28 17:41:00.639 | INFO     | __main__:<module>:143 - Testing get_product_data with URL: https://www.awaytravel.com/products/carry-on-sea-green
2025-05-28 17:41:00.639 | INFO     | __main__:get_product_data:95 - Getting product data for https://www.awaytravel.com/products/carry-on-sea-green
2025-05-28 17:41:15.677 | INFO     | __main__:<module>:145 - Product Name: The Carry-On
2025-05-28 17:41:15.677 | INFO     | __main__:<module>:146 - Color: Sea Green
2025-05-28 17:41:15.677 | INFO     | __main__:<module>:147 - Dimensions: N/A
2025-05-28 17:41:15.677 | INFO     | __main__:<module>:148 - Weight: N/A
2025-05-28 17:41:15.680 | SUCCESS  | __main__:<module>:150 - Scraping completed successfully
2025-05-28 17:41:50.020 | INFO     | __main__:<module>:118 - Starting Away Travel scraper
2025-05-28 17:41:50.022 | SUCCESS  | __main__:load_cached_urls:23 - Loaded variants for 13 products from cache
2025-05-28 17:41:51.940 | INFO     | __main__:<module>:132 - Using cached URLs
2025-05-28 17:41:51.941 | INFO     | __main__:<module>:145 - Testing get_product_data with URL: https://www.awaytravel.com/products/carry-on-sea-green
2025-05-28 17:41:51.941 | INFO     | __main__:get_product_data:95 - Getting product data for https://www.awaytravel.com/products/carry-on-sea-green
2025-05-28 17:42:02.551 | INFO     | __main__:<module>:147 - Product Name: The Carry-On
2025-05-28 17:42:02.552 | INFO     | __main__:<module>:148 - Color: Sea Green
2025-05-28 17:42:02.552 | INFO     | __main__:<module>:149 - Dimensions: N/A
2025-05-28 17:42:02.552 | INFO     | __main__:<module>:150 - Weight: N/A
2025-05-28 17:42:02.552 | SUCCESS  | __main__:<module>:152 - Scraping completed successfully
2025-05-28 17:42:27.711 | INFO     | __main__:<module>:118 - Starting Away Travel scraper
2025-05-28 17:42:27.712 | SUCCESS  | __main__:load_cached_urls:23 - Loaded variants for 13 products from cache
2025-05-28 17:42:30.467 | INFO     | __main__:<module>:132 - Using cached URLs
2025-05-28 17:42:30.468 | INFO     | __main__:<module>:145 - Testing get_product_data with URL: https://www.awaytravel.com/products/carry-on-sea-green
2025-05-28 17:42:30.468 | INFO     | __main__:get_product_data:95 - Getting product data for https://www.awaytravel.com/products/carry-on-sea-green
2025-05-28 17:42:41.458 | INFO     | __main__:<module>:147 - Product Name: The Carry-On
2025-05-28 17:42:41.458 | INFO     | __main__:<module>:148 - Color: Sea Green
2025-05-28 17:42:41.458 | INFO     | __main__:<module>:149 - Dimensions: N/A
2025-05-28 17:42:41.458 | INFO     | __main__:<module>:150 - Weight: N/A
2025-05-28 17:42:41.459 | SUCCESS  | __main__:<module>:152 - Scraping completed successfully
2025-05-28 17:44:57.239 | INFO     | __main__:<module>:116 - Starting Away Travel scraper
2025-05-28 17:44:57.240 | SUCCESS  | __main__:load_cached_urls:23 - Loaded variants for 13 products from cache
2025-05-28 17:44:58.924 | INFO     | __main__:<module>:130 - Using cached URLs
2025-05-28 17:44:58.924 | INFO     | __main__:<module>:143 - Testing get_product_data with URL: https://www.awaytravel.com/products/carry-on-sea-green
2025-05-28 17:44:58.925 | INFO     | __main__:get_product_data:95 - Getting product data for https://www.awaytravel.com/products/carry-on-sea-green
2025-05-28 17:45:22.971 | INFO     | __main__:<module>:117 - Starting Away Travel scraper
2025-05-28 17:45:22.973 | SUCCESS  | __main__:load_cached_urls:23 - Loaded variants for 13 products from cache
2025-05-28 17:45:24.962 | INFO     | __main__:<module>:131 - Using cached URLs
2025-05-28 17:45:24.963 | INFO     | __main__:<module>:144 - Testing get_product_data with URL: https://www.awaytravel.com/products/carry-on-sea-green
2025-05-28 17:45:24.963 | INFO     | __main__:get_product_data:95 - Getting product data for https://www.awaytravel.com/products/carry-on-sea-green
2025-05-28 17:47:53.385 | INFO     | __main__:<module>:116 - Starting Away Travel scraper
2025-05-28 17:47:53.386 | SUCCESS  | __main__:load_cached_urls:24 - Loaded variants for 13 products from cache
2025-05-28 17:47:54.894 | INFO     | __main__:<module>:130 - Using cached URLs
2025-05-28 17:47:54.894 | INFO     | __main__:<module>:143 - Testing get_product_data with URL: https://www.awaytravel.com/products/carry-on-sea-green
2025-05-28 17:47:54.894 | INFO     | __main__:get_product_data:96 - Getting product data for https://www.awaytravel.com/products/carry-on-sea-green
2025-05-28 17:48:06.422 | INFO     | __main__:<module>:145 - Product Name: The Carry-On
2025-05-28 17:48:06.422 | INFO     | __main__:<module>:146 - Color: Sea Green
2025-05-28 17:48:06.422 | INFO     | __main__:<module>:147 - Dimensions:  21.7" x 14.4" x 9"
2025-05-28 17:48:06.422 | INFO     | __main__:<module>:148 - Weight:  7.5 lbs
2025-05-28 17:48:06.423 | SUCCESS  | __main__:<module>:150 - Scraping completed successfully
2025-05-28 18:01:26.400 | INFO     | __main__:<module>:134 - Starting Away Travel scraper
2025-05-28 18:01:26.401 | SUCCESS  | __main__:load_cached_urls:26 - Loaded variants for 13 products from cache
2025-05-28 18:01:29.142 | INFO     | __main__:<module>:148 - Using cached URLs
2025-05-28 18:01:32.416 | INFO     | __main__:get_product_data:98 - Getting product data for https://www.awaytravel.com/products/carry-on-sea-green
2025-05-28 18:01:32.416 | INFO     | __main__:get_product_data:101 - Checking for cache file for https://www.awaytravel.com/products/carry-on-sea-green
2025-05-28 18:01:32.416 | INFO     | __main__:get_product_data:110 - Fetching product data for https://www.awaytravel.com/products/carry-on-sea-green
2025-05-28 21:03:48.981 | INFO     | __main__:<module>:134 - Starting Away Travel scraper
2025-05-28 21:03:49.001 | SUCCESS  | __main__:load_cached_urls:26 - Loaded variants for 13 products from cache
2025-05-28 21:03:51.194 | INFO     | __main__:<module>:148 - Using cached URLs
2025-05-28 21:03:52.942 | INFO     | __main__:get_product_data:98 - Getting product data for https://www.awaytravel.com/products/carry-on-sea-green
2025-05-28 21:03:52.942 | INFO     | __main__:get_product_data:110 - Fetching product data for https://www.awaytravel.com/products/carry-on-sea-green
2025-05-28 21:04:32.570 | INFO     | __main__:<module>:134 - Starting Away Travel scraper
2025-05-28 21:04:32.573 | SUCCESS  | __main__:load_cached_urls:26 - Loaded variants for 13 products from cache
2025-05-28 21:04:34.945 | INFO     | __main__:<module>:148 - Using cached URLs
2025-05-28 21:04:36.706 | INFO     | __main__:get_product_data:98 - Getting product data for https://www.awaytravel.com/products/carry-on-sea-green
2025-05-28 21:04:36.708 | INFO     | __main__:get_product_data:110 - Fetching product data for https://www.awaytravel.com/products/carry-on-sea-green
2025-05-28 21:10:41.510 | INFO     | __main__:<module>:136 - Starting Away Travel scraper
2025-05-28 21:10:41.511 | SUCCESS  | __main__:load_cached_urls:26 - Loaded variants for 13 products from cache
2025-05-28 21:10:43.974 | INFO     | __main__:<module>:150 - Using cached URLs
2025-05-28 21:11:04.780 | INFO     | __main__:<module>:136 - Starting Away Travel scraper
2025-05-28 21:11:04.781 | SUCCESS  | __main__:load_cached_urls:26 - Loaded variants for 13 products from cache
2025-05-28 21:11:06.748 | INFO     | __main__:<module>:150 - Using cached URLs
2025-05-28 21:11:09.786 | INFO     | __main__:get_product_data:99 - Getting product data for carry-on-sea-green
2025-05-28 21:11:09.786 | INFO     | __main__:get_product_data:104 - Checking for cache file for carry-on-sea-green
2025-05-28 21:11:09.786 | INFO     | __main__:get_product_data:112 - Fetching product data for carry-on-sea-green
2025-05-28 21:12:09.710 | INFO     | __main__:<module>:136 - Starting Away Travel scraper
2025-05-28 21:12:09.711 | SUCCESS  | __main__:load_cached_urls:26 - Loaded variants for 13 products from cache
2025-05-28 21:12:11.940 | INFO     | __main__:<module>:150 - Using cached URLs
2025-05-28 21:12:14.939 | INFO     | __main__:get_product_data:99 - Getting product data for carry-on-sea-green
2025-05-28 21:12:14.940 | INFO     | __main__:get_product_data:104 - Checking for cache file for carry-on-sea-green
2025-05-28 21:12:14.940 | INFO     | __main__:get_product_data:112 - Fetching product data for carry-on-sea-green
2025-05-28 21:12:26.449 | INFO     | __main__:get_product_data:99 - Getting product data for carry-on-clay-pink
2025-05-28 21:12:26.449 | INFO     | __main__:get_product_data:104 - Checking for cache file for carry-on-clay-pink
2025-05-28 21:12:26.449 | INFO     | __main__:get_product_data:112 - Fetching product data for carry-on-clay-pink
2025-05-28 21:12:38.204 | INFO     | __main__:get_product_data:99 - Getting product data for carry-on-tango-red
2025-05-28 21:12:38.206 | INFO     | __main__:get_product_data:104 - Checking for cache file for carry-on-tango-red
2025-05-28 21:12:38.206 | INFO     | __main__:get_product_data:112 - Fetching product data for carry-on-tango-red
2025-05-28 21:12:50.798 | INFO     | __main__:get_product_data:99 - Getting product data for carry-on-coast-blue
2025-05-28 21:12:50.798 | INFO     | __main__:get_product_data:104 - Checking for cache file for carry-on-coast-blue
2025-05-28 21:12:50.798 | INFO     | __main__:get_product_data:112 - Fetching product data for carry-on-coast-blue
2025-05-28 21:13:02.720 | INFO     | __main__:get_product_data:99 - Getting product data for carry-on-translucent-green
2025-05-28 21:13:02.720 | INFO     | __main__:get_product_data:104 - Checking for cache file for carry-on-translucent-green
2025-05-28 21:13:02.720 | INFO     | __main__:get_product_data:112 - Fetching product data for carry-on-translucent-green
